<?xml version="1.0" encoding="UTF-8"?>
<testsuite xmlns:xsi="http://www.w3.org/2001/XMLSchema-instance" xsi:noNamespaceSchemaLocation="https://maven.apache.org/surefire/maven-surefire-plugin/xsd/surefire-test-report-3.0.xsd" version="3.0" name="com.mycompany.group8.blackjack.HandTest" time="0.158" tests="4" errors="0" skipped="0" failures="0">
  <properties>
[...]
</properties>
  <testcase name="testGetValueWithAceAndTen" classname="com.mycompany.group8.blackjack.HandTest" time="0.099"/>
  <testcase name="testGetValueWithMultipleCards" classname="com.mycompany.group8.blackjack.HandTest" time="0.004"/>
  <testcase name="testGetValueWithAceBustLogic" classname="com.mycompany.group8.blackjack.HandTest" time="0.002"/>
  <testcase name="testGetValueWithTwoAcesAndNine" classname="com.mycompany.group8.blackjack.HandTest" time="0.004"/>
</testsuite>